# Logfile created on 2017-05-20 00:00:01 +0800 by logger.rb/v1.2.7
I, [2017-05-20T00:00:01.978391 #40529]  INFO -- : export event file
I, [2017-05-20T00:00:02.578275 #40529]  INFO -- : export event file done
I, [2017-05-20T00:00:02.596355 #40529]  INFO -- : export click file
I, [2017-05-20T00:00:22.602560 #40529]  INFO -- : export click file done
I, [2017-05-20T01:00:01.652318 #40529]  INFO -- : export click file
I, [2017-05-20T01:00:06.516781 #43548]  INFO -- : export event file
I, [2017-05-20T01:00:06.864348 #43548]  INFO -- : export event file done
I, [2017-05-20T01:00:13.062483 #40529]  INFO -- : export click file done
I, [2017-05-20T02:00:01.103267 #43548]  INFO -- : export event file
I, [2017-05-20T02:00:01.232166 #43548]  INFO -- : export event file done
I, [2017-05-20T02:00:01.251489 #43548]  INFO -- : export click file
I, [2017-05-20T02:00:16.912426 #43548]  INFO -- : export click file done
I, [2017-05-20T03:00:02.132066 #45060]  INFO -- : export event file
I, [2017-05-20T03:00:02.198514 #45060]  INFO -- : export event file done
I, [2017-05-20T03:00:02.213456 #45060]  INFO -- : export click file
I, [2017-05-20T03:00:06.570790 #45060]  INFO -- : export click file done
I, [2017-05-20T04:00:02.014972 #46566]  INFO -- : export click file
I, [2017-05-20T04:00:05.121279 #46566]  INFO -- : export click file done
I, [2017-05-20T04:00:05.140868 #46566]  INFO -- : export event file
I, [2017-05-20T04:00:05.195702 #46566]  INFO -- : export event file done
I, [2017-05-20T05:00:01.432517 #48074]  INFO -- : export click file
I, [2017-05-20T05:00:04.887638 #48074]  INFO -- : export click file done
I, [2017-05-20T05:00:04.902293 #48074]  INFO -- : export event file
I, [2017-05-20T05:00:04.945121 #48074]  INFO -- : export event file done
I, [2017-05-20T06:00:02.007088 #49580]  INFO -- : export click file
I, [2017-05-20T06:00:06.914504 #51081]  INFO -- : export event file
I, [2017-05-20T06:00:07.011982 #51081]  INFO -- : export event file done
I, [2017-05-20T06:00:07.601708 #49580]  INFO -- : export click file done
I, [2017-05-20T07:00:05.876547 #52533]  INFO -- : export click file
I, [2017-05-20T07:00:06.229244 #52540]  INFO -- : export event file
I, [2017-05-20T07:00:06.425295 #52540]  INFO -- : export event file done
I, [2017-05-20T07:00:16.002446 #52533]  INFO -- : export click file done
I, [2017-05-20T08:00:01.057825 #52540]  INFO -- : export event file
I, [2017-05-20T08:00:01.293588 #52540]  INFO -- : export event file done
I, [2017-05-20T08:00:01.305425 #52540]  INFO -- : export click file
I, [2017-05-20T08:00:15.575218 #52540]  INFO -- : export click file done
I, [2017-05-20T09:00:01.634803 #52540]  INFO -- : export click file
I, [2017-05-20T09:00:06.718027 #55558]  INFO -- : export event file
I, [2017-05-20T09:00:07.349189 #55558]  INFO -- : export event file done
I, [2017-05-20T09:00:26.493478 #52540]  INFO -- : export click file done
I, [2017-05-20T10:00:01.544311 #55558]  INFO -- : export event file
I, [2017-05-20T10:00:02.576207 #55558]  INFO -- : export event file done
I, [2017-05-20T10:00:02.590643 #55558]  INFO -- : export click file
I, [2017-05-20T10:00:34.799633 #55558]  INFO -- : export click file done
I, [2017-05-20T11:00:02.035230 #57067]  INFO -- : export event file
I, [2017-05-20T11:00:03.266305 #57067]  INFO -- : export event file done
I, [2017-05-20T11:00:03.287573 #57067]  INFO -- : export click file
I, [2017-05-20T11:00:47.923920 #57067]  INFO -- : export click file done
I, [2017-05-20T12:00:02.149697 #58573]  INFO -- : export click file
I, [2017-05-20T12:00:06.983798 #60073]  INFO -- : export event file
I, [2017-05-20T12:00:08.156620 #60073]  INFO -- : export event file done
I, [2017-05-20T12:00:40.041291 #58573]  INFO -- : export click file done
I, [2017-05-20T13:00:01.101199 #60073]  INFO -- : export event file
I, [2017-05-20T13:00:01.831831 #60073]  INFO -- : export event file done
I, [2017-05-20T13:00:01.844906 #60073]  INFO -- : export click file
I, [2017-05-20T13:00:23.406902 #60073]  INFO -- : export click file done
I, [2017-05-20T14:00:01.630833 #61578]  INFO -- : export click file
I, [2017-05-20T14:00:06.522370 #63078]  INFO -- : export event file
I, [2017-05-20T14:00:07.349955 #63078]  INFO -- : export event file done
I, [2017-05-20T14:00:33.930099 #61578]  INFO -- : export click file done
I, [2017-05-20T15:00:01.985983 #63078]  INFO -- : export event file
I, [2017-05-20T15:00:02.984097 #63078]  INFO -- : export event file done
I, [2017-05-20T15:00:02.997701 #63078]  INFO -- : export click file
I, [2017-05-20T15:00:37.615644 #63078]  INFO -- : export click file done
I, [2017-05-20T16:00:01.850003 #64590]  INFO -- : export event file
I, [2017-05-20T16:00:02.924321 #64590]  INFO -- : export event file done
I, [2017-05-20T16:00:02.938811 #64590]  INFO -- : export click file
I, [2017-05-20T16:00:40.438297 #64590]  INFO -- : export click file done
I, [2017-05-20T17:00:01.487131 #2274]  INFO -- : export click file
I, [2017-05-20T17:00:06.723864 #2477]  INFO -- : export event file
I, [2017-05-20T17:00:07.757540 #2477]  INFO -- : export event file done
I, [2017-05-20T17:00:40.360579 #2274]  INFO -- : export click file done
I, [2017-05-20T18:00:01.422834 #2477]  INFO -- : export event file
I, [2017-05-20T18:00:02.171663 #2477]  INFO -- : export event file done
I, [2017-05-20T18:00:02.184646 #2477]  INFO -- : export click file
I, [2017-05-20T18:00:35.651906 #2477]  INFO -- : export click file done
I, [2017-05-20T19:00:01.712399 #4002]  INFO -- : export event file
I, [2017-05-20T19:00:02.459876 #4002]  INFO -- : export event file done
I, [2017-05-20T19:00:02.474886 #4002]  INFO -- : export click file
I, [2017-05-20T19:00:30.263005 #4002]  INFO -- : export click file done
I, [2017-05-20T20:00:01.321121 #5511]  INFO -- : export event file
I, [2017-05-20T20:00:02.070552 #5511]  INFO -- : export event file done
I, [2017-05-20T20:00:02.091377 #5511]  INFO -- : export click file
I, [2017-05-20T20:00:31.035230 #5511]  INFO -- : export click file done
I, [2017-05-20T21:00:01.080664 #7013]  INFO -- : export event file
I, [2017-05-20T21:00:01.910136 #7013]  INFO -- : export event file done
I, [2017-05-20T21:00:01.929210 #7013]  INFO -- : export click file
I, [2017-05-20T21:00:33.397789 #7013]  INFO -- : export click file done
I, [2017-05-20T22:00:01.440181 #8528]  INFO -- : export click file
I, [2017-05-20T22:00:06.653272 #10031]  INFO -- : export event file
I, [2017-05-20T22:00:07.385186 #10031]  INFO -- : export event file done
I, [2017-05-20T22:00:35.970040 #8528]  INFO -- : export click file done
I, [2017-05-20T23:00:02.021247 #10031]  INFO -- : export click file
I, [2017-05-20T23:00:07.181320 #11537]  INFO -- : export event file
I, [2017-05-20T23:00:07.936118 #11537]  INFO -- : export event file done
I, [2017-05-20T23:00:32.158913 #10031]  INFO -- : export click file done
