# Logfile created on 2017-05-08 00:00:01 +0800 by logger.rb/v1.2.7
I, [2017-05-08T00:00:01.269922 #61151]  INFO -- : export event file
I, [2017-05-08T00:00:01.825183 #61151]  INFO -- : export event file done
I, [2017-05-08T00:00:01.843712 #61151]  INFO -- : export click file
I, [2017-05-08T00:00:21.487308 #61151]  INFO -- : export click file done
I, [2017-05-08T01:00:01.533724 #61151]  INFO -- : export click file
I, [2017-05-08T01:00:06.664049 #64170]  INFO -- : export event file
I, [2017-05-08T01:00:06.843062 #64170]  INFO -- : export event file done
I, [2017-05-08T01:00:14.292388 #61151]  INFO -- : export click file done
I, [2017-05-08T02:00:01.335499 #64170]  INFO -- : export event file
I, [2017-05-08T02:00:01.442797 #64170]  INFO -- : export event file done
I, [2017-05-08T02:00:01.467176 #64170]  INFO -- : export click file
I, [2017-05-08T02:00:11.130009 #64170]  INFO -- : export click file done
I, [2017-05-08T03:00:01.368882 #447]  INFO -- : export click file
I, [2017-05-08T03:00:05.975252 #447]  INFO -- : export click file done
I, [2017-05-08T03:00:05.999538 #447]  INFO -- : export event file
I, [2017-05-08T03:00:06.057993 #447]  INFO -- : export event file done
I, [2017-05-08T04:00:01.938704 #1988]  INFO -- : export click file
I, [2017-05-08T04:00:05.203460 #1988]  INFO -- : export click file done
I, [2017-05-08T04:00:05.229219 #1988]  INFO -- : export event file
I, [2017-05-08T04:00:05.277225 #1988]  INFO -- : export event file done
I, [2017-05-08T05:00:01.500973 #3504]  INFO -- : export click file
I, [2017-05-08T05:00:04.917076 #3504]  INFO -- : export click file done
I, [2017-05-08T05:00:04.935296 #3504]  INFO -- : export event file
I, [2017-05-08T05:00:04.999199 #3504]  INFO -- : export event file done
I, [2017-05-08T06:00:01.229705 #5004]  INFO -- : export click file
I, [2017-05-08T06:00:06.171348 #6499]  INFO -- : export event file
I, [2017-05-08T06:00:06.240979 #6499]  INFO -- : export event file done
I, [2017-05-08T06:00:06.915059 #5004]  INFO -- : export click file done
I, [2017-05-08T07:00:06.285119 #7783]  INFO -- : export event file
I, [2017-05-08T07:00:06.394278 #7783]  INFO -- : export event file done
I, [2017-05-08T07:00:06.417610 #7783]  INFO -- : export click file
I, [2017-05-08T07:00:15.495629 #7783]  INFO -- : export click file done
I, [2017-05-08T08:00:01.717557 #7790]  INFO -- : export click file
I, [2017-05-08T08:00:06.690317 #9297]  INFO -- : export event file
I, [2017-05-08T08:00:06.903165 #9297]  INFO -- : export event file done
I, [2017-05-08T08:00:15.939209 #7790]  INFO -- : export click file done
I, [2017-05-08T09:00:01.991913 #7790]  INFO -- : export click file
I, [2017-05-08T09:00:07.228712 #10804]  INFO -- : export event file
I, [2017-05-08T09:00:07.922670 #10804]  INFO -- : export event file done
I, [2017-05-08T09:00:37.037560 #7790]  INFO -- : export click file done
I, [2017-05-08T10:00:01.084007 #10804]  INFO -- : export click file
I, [2017-05-08T10:00:06.390069 #12301]  INFO -- : export event file
I, [2017-05-08T10:00:08.524232 #12301]  INFO -- : export event file done
I, [2017-05-08T10:01:01.469466 #10804]  INFO -- : export click file done
I, [2017-05-08T11:00:01.512447 #12301]  INFO -- : export event file
I, [2017-05-08T11:00:03.912666 #12301]  INFO -- : export event file done
I, [2017-05-08T11:00:03.925033 #12301]  INFO -- : export click file
I, [2017-05-08T11:02:01.653934 #12301]  INFO -- : export click file done
I, [2017-05-08T12:00:01.884694 #13810]  INFO -- : export click file
I, [2017-05-08T12:00:07.045715 #15309]  INFO -- : export event file
I, [2017-05-08T12:00:09.791913 #15309]  INFO -- : export event file done
I, [2017-05-08T12:01:19.973936 #13810]  INFO -- : export click file done
I, [2017-05-08T13:00:02.020781 #15309]  INFO -- : export click file
I, [2017-05-08T13:00:07.316086 #16814]  INFO -- : export event file
I, [2017-05-08T13:00:09.317140 #16814]  INFO -- : export event file done
I, [2017-05-08T13:00:50.946783 #15309]  INFO -- : export click file done
I, [2017-05-08T14:00:02.002527 #16814]  INFO -- : export event file
I, [2017-05-08T14:00:03.879742 #16814]  INFO -- : export event file done
I, [2017-05-08T14:00:03.895854 #16814]  INFO -- : export click file
I, [2017-05-08T14:01:00.333741 #16814]  INFO -- : export click file done
I, [2017-05-08T15:00:01.546488 #18323]  INFO -- : export click file
I, [2017-05-08T15:00:06.600798 #19815]  INFO -- : export event file
I, [2017-05-08T15:00:08.984458 #19815]  INFO -- : export event file done
I, [2017-05-08T15:01:40.347232 #18323]  INFO -- : export click file done
I, [2017-05-08T16:00:01.491306 #19815]  INFO -- : export event file
I, [2017-05-08T16:00:04.024493 #19815]  INFO -- : export event file done
I, [2017-05-08T16:00:04.041114 #19815]  INFO -- : export click file
I, [2017-05-08T16:02:05.842701 #19815]  INFO -- : export click file done
I, [2017-05-08T17:00:01.896718 #19815]  INFO -- : export event file
I, [2017-05-08T17:00:04.726659 #19815]  INFO -- : export event file done
I, [2017-05-08T17:00:04.746478 #19815]  INFO -- : export click file
I, [2017-05-08T17:01:51.500215 #19815]  INFO -- : export click file done
I, [2017-05-08T18:00:01.735967 #22831]  INFO -- : export click file
I, [2017-05-08T18:00:07.001226 #24333]  INFO -- : export event file
I, [2017-05-08T18:00:09.350081 #24333]  INFO -- : export event file done
I, [2017-05-08T18:00:59.429181 #22831]  INFO -- : export click file done
I, [2017-05-08T19:00:01.472854 #24333]  INFO -- : export click file
I, [2017-05-08T19:00:06.811551 #25837]  INFO -- : export event file
I, [2017-05-08T19:00:08.263684 #25837]  INFO -- : export event file done
I, [2017-05-08T19:00:44.137318 #24333]  INFO -- : export click file done
I, [2017-05-08T20:00:01.195618 #25837]  INFO -- : export click file
I, [2017-05-08T20:00:06.497541 #27334]  INFO -- : export event file
I, [2017-05-08T20:00:07.536964 #27334]  INFO -- : export event file done
I, [2017-05-08T20:00:49.160561 #25837]  INFO -- : export click file done
I, [2017-05-08T21:00:01.208940 #27334]  INFO -- : export click file
I, [2017-05-08T21:00:06.509542 #28839]  INFO -- : export event file
I, [2017-05-08T21:00:07.792327 #28839]  INFO -- : export event file done
I, [2017-05-08T21:00:41.413533 #27334]  INFO -- : export click file done
I, [2017-05-08T22:00:01.460621 #28839]  INFO -- : export click file
I, [2017-05-08T22:00:06.896306 #30343]  INFO -- : export event file
I, [2017-05-08T22:00:08.200313 #30343]  INFO -- : export event file done
I, [2017-05-08T22:00:41.952376 #28839]  INFO -- : export click file done
I, [2017-05-08T23:00:02.014014 #28839]  INFO -- : export event file
I, [2017-05-08T23:00:03.134880 #28839]  INFO -- : export event file done
I, [2017-05-08T23:00:03.148150 #28839]  INFO -- : export click file
I, [2017-05-08T23:00:37.183682 #28839]  INFO -- : export click file done
