# Logfile created on 2017-05-25 00:00:01 +0800 by logger.rb/v1.2.7
I, [2017-05-25T00:00:01.459366 #26556]  INFO -- : export click file
I, [2017-05-25T00:00:06.421301 #28057]  INFO -- : export event file
I, [2017-05-25T00:00:07.200565 #28057]  INFO -- : export event file done
I, [2017-05-25T00:00:24.282097 #26556]  INFO -- : export click file done
I, [2017-05-25T01:00:01.344561 #28057]  INFO -- : export event file
I, [2017-05-25T01:00:01.624034 #28057]  INFO -- : export event file done
I, [2017-05-25T01:00:01.644720 #28057]  INFO -- : export click file
I, [2017-05-25T01:00:12.638783 #28057]  INFO -- : export click file done
I, [2017-05-25T02:00:01.704565 #29580]  INFO -- : export click file
I, [2017-05-25T02:00:06.534081 #31092]  INFO -- : export event file
I, [2017-05-25T02:00:06.707780 #31092]  INFO -- : export event file done
I, [2017-05-25T02:00:14.611663 #29580]  INFO -- : export click file done
I, [2017-05-25T03:00:01.670674 #31092]  INFO -- : export click file
I, [2017-05-25T03:00:06.184874 #31092]  INFO -- : export click file done
I, [2017-05-25T03:00:06.198070 #31092]  INFO -- : export event file
I, [2017-05-25T03:00:06.307095 #31092]  INFO -- : export event file done
I, [2017-05-25T04:00:01.443372 #32598]  INFO -- : export click file
I, [2017-05-25T04:00:04.129584 #32598]  INFO -- : export click file done
I, [2017-05-25T04:00:04.139433 #32598]  INFO -- : export event file
I, [2017-05-25T04:00:04.206350 #32598]  INFO -- : export event file done
I, [2017-05-25T05:00:01.273285 #34119]  INFO -- : export event file
I, [2017-05-25T05:00:01.378232 #34119]  INFO -- : export event file done
I, [2017-05-25T05:00:01.399271 #34119]  INFO -- : export click file
I, [2017-05-25T05:00:04.766074 #34119]  INFO -- : export click file done
I, [2017-05-25T06:00:01.844956 #35630]  INFO -- : export event file
I, [2017-05-25T06:00:01.935840 #35630]  INFO -- : export event file done
I, [2017-05-25T06:00:01.951479 #35630]  INFO -- : export click file
I, [2017-05-25T06:00:07.513644 #35630]  INFO -- : export click file done
I, [2017-05-25T07:00:01.753941 #38220]  INFO -- : export click file
I, [2017-05-25T07:00:06.440997 #39000]  INFO -- : export event file
I, [2017-05-25T07:00:06.634031 #39000]  INFO -- : export event file done
I, [2017-05-25T07:00:11.028433 #38220]  INFO -- : export click file done
I, [2017-05-25T08:00:01.084463 #39000]  INFO -- : export event file
I, [2017-05-25T08:00:01.529531 #39000]  INFO -- : export event file done
I, [2017-05-25T08:00:01.539872 #39000]  INFO -- : export click file
I, [2017-05-25T08:00:17.008440 #39000]  INFO -- : export click file done
I, [2017-05-25T09:00:01.066453 #39000]  INFO -- : export click file
I, [2017-05-25T09:00:06.065332 #42026]  INFO -- : export event file
I, [2017-05-25T09:00:06.961277 #42026]  INFO -- : export event file done
I, [2017-05-25T09:00:46.606958 #39000]  INFO -- : export click file done
I, [2017-05-25T10:00:01.664146 #42026]  INFO -- : export click file
I, [2017-05-25T10:00:06.768091 #43538]  INFO -- : export event file
I, [2017-05-25T10:00:09.019017 #43538]  INFO -- : export event file done
I, [2017-05-25T10:01:11.986769 #42026]  INFO -- : export click file done
I, [2017-05-25T11:00:01.031729 #43538]  INFO -- : export event file
I, [2017-05-25T11:00:03.583211 #43538]  INFO -- : export event file done
I, [2017-05-25T11:00:03.599709 #43538]  INFO -- : export click file
I, [2017-05-25T11:02:22.483110 #43538]  INFO -- : export click file done
I, [2017-05-25T12:00:01.538704 #43538]  INFO -- : export click file
I, [2017-05-25T12:00:06.536671 #46552]  INFO -- : export event file
I, [2017-05-25T12:00:08.644079 #46552]  INFO -- : export event file done
I, [2017-05-25T12:01:16.062206 #43538]  INFO -- : export click file done
I, [2017-05-25T13:00:01.104607 #46552]  INFO -- : export click file
I, [2017-05-25T13:00:06.224382 #48058]  INFO -- : export event file
I, [2017-05-25T13:00:07.826667 #48058]  INFO -- : export event file done
I, [2017-05-25T13:00:48.308846 #46552]  INFO -- : export click file done
I, [2017-05-25T14:00:01.368808 #48058]  INFO -- : export click file
I, [2017-05-25T14:00:06.390956 #49576]  INFO -- : export event file
I, [2017-05-25T14:00:08.401733 #49576]  INFO -- : export event file done
I, [2017-05-25T14:00:51.233736 #48058]  INFO -- : export click file done
I, [2017-05-25T15:00:01.285333 #49576]  INFO -- : export click file
I, [2017-05-25T15:00:06.264368 #51088]  INFO -- : export event file
I, [2017-05-25T15:00:08.403125 #51088]  INFO -- : export event file done
I, [2017-05-25T15:01:05.138959 #49576]  INFO -- : export click file done
I, [2017-05-25T16:00:01.184937 #51088]  INFO -- : export click file
I, [2017-05-25T16:00:06.306519 #52594]  INFO -- : export event file
I, [2017-05-25T16:00:08.479615 #52594]  INFO -- : export event file done
I, [2017-05-25T16:01:13.138439 #51088]  INFO -- : export click file done
I, [2017-05-25T17:00:01.193599 #52594]  INFO -- : export event file
I, [2017-05-25T17:00:03.108055 #52594]  INFO -- : export event file done
I, [2017-05-25T17:00:03.128337 #52594]  INFO -- : export click file
I, [2017-05-25T17:01:16.003955 #52594]  INFO -- : export click file done
I, [2017-05-25T18:00:01.065599 #54115]  INFO -- : export click file
I, [2017-05-25T18:00:06.199959 #55629]  INFO -- : export event file
I, [2017-05-25T18:00:07.967081 #55629]  INFO -- : export event file done
I, [2017-05-25T18:00:57.005319 #54115]  INFO -- : export click file done
I, [2017-05-25T19:00:01.063508 #55629]  INFO -- : export event file
I, [2017-05-25T19:00:02.316641 #55629]  INFO -- : export event file done
I, [2017-05-25T19:00:02.322913 #55629]  INFO -- : export click file
I, [2017-05-25T19:00:58.336491 #55629]  INFO -- : export click file done
I, [2017-05-25T20:00:01.394797 #57150]  INFO -- : export click file
I, [2017-05-25T20:00:06.417203 #58656]  INFO -- : export event file
I, [2017-05-25T20:00:07.449064 #58656]  INFO -- : export event file done
I, [2017-05-25T20:00:40.247825 #57150]  INFO -- : export click file done
I, [2017-05-25T21:00:01.313039 #58656]  INFO -- : export event file
I, [2017-05-25T21:00:02.267630 #58656]  INFO -- : export event file done
I, [2017-05-25T21:00:02.286142 #58656]  INFO -- : export click file
I, [2017-05-25T21:00:57.569692 #58656]  INFO -- : export click file done
I, [2017-05-25T22:00:01.622998 #60174]  INFO -- : export event file
I, [2017-05-25T22:00:02.877266 #60174]  INFO -- : export event file done
I, [2017-05-25T22:00:02.885385 #60174]  INFO -- : export click file
I, [2017-05-25T22:00:51.027442 #60174]  INFO -- : export click file done
I, [2017-05-25T23:00:01.090746 #60174]  INFO -- : export event file
I, [2017-05-25T23:00:02.422930 #60174]  INFO -- : export event file done
I, [2017-05-25T23:00:02.443125 #60174]  INFO -- : export click file
I, [2017-05-25T23:00:41.646491 #60174]  INFO -- : export click file done
