# Logfile created on 2017-05-21 00:00:01 +0800 by logger.rb/v1.2.7
I, [2017-05-21T00:00:01.204739 #11537]  INFO -- : export click file
I, [2017-05-21T00:00:06.385505 #13036]  INFO -- : export event file
I, [2017-05-21T00:00:06.952300 #13036]  INFO -- : export event file done
I, [2017-05-21T00:00:20.797145 #11537]  INFO -- : export click file done
I, [2017-05-21T01:00:01.868068 #11537]  INFO -- : export click file
I, [2017-05-21T01:00:07.050239 #14550]  INFO -- : export event file
I, [2017-05-21T01:00:07.246271 #14550]  INFO -- : export event file done
I, [2017-05-21T01:00:13.097565 #11537]  INFO -- : export click file done
I, [2017-05-21T02:00:01.143687 #14550]  INFO -- : export click file
I, [2017-05-21T02:00:06.369406 #16049]  INFO -- : export event file
I, [2017-05-21T02:00:06.456571 #16049]  INFO -- : export event file done
I, [2017-05-21T02:00:14.164046 #14550]  INFO -- : export click file done
I, [2017-05-21T03:00:01.205629 #16049]  INFO -- : export event file
I, [2017-05-21T03:00:01.265631 #16049]  INFO -- : export event file done
I, [2017-05-21T03:00:01.279490 #16049]  INFO -- : export click file
I, [2017-05-21T03:00:05.679974 #16049]  INFO -- : export click file done
I, [2017-05-21T04:00:01.638229 #17563]  INFO -- : export click file
I, [2017-05-21T04:00:05.328523 #17563]  INFO -- : export click file done
I, [2017-05-21T04:00:05.343602 #17563]  INFO -- : export event file
I, [2017-05-21T04:00:05.386399 #17563]  INFO -- : export event file done
I, [2017-05-21T05:00:01.629381 #19076]  INFO -- : export event file
I, [2017-05-21T05:00:01.687993 #19076]  INFO -- : export event file done
I, [2017-05-21T05:00:01.707077 #19076]  INFO -- : export click file
I, [2017-05-21T05:00:05.213614 #19076]  INFO -- : export click file done
I, [2017-05-21T06:00:01.445111 #20581]  INFO -- : export click file
I, [2017-05-21T06:00:06.463936 #22074]  INFO -- : export event file
I, [2017-05-21T06:00:06.554240 #22074]  INFO -- : export event file done
I, [2017-05-21T06:00:07.537891 #20581]  INFO -- : export click file done
I, [2017-05-21T07:00:06.205403 #23515]  INFO -- : export click file
I, [2017-05-21T07:00:06.546591 #23522]  INFO -- : export event file
I, [2017-05-21T07:00:06.756090 #23522]  INFO -- : export event file done
I, [2017-05-21T07:00:15.328180 #23515]  INFO -- : export click file done
I, [2017-05-21T08:00:01.373927 #23522]  INFO -- : export click file
I, [2017-05-21T08:00:06.616180 #25031]  INFO -- : export event file
I, [2017-05-21T08:00:06.873814 #25031]  INFO -- : export event file done
I, [2017-05-21T08:00:14.762255 #23522]  INFO -- : export click file done
I, [2017-05-21T09:00:01.813714 #23522]  INFO -- : export click file
I, [2017-05-21T09:00:07.016746 #26606]  INFO -- : export event file
I, [2017-05-21T09:00:07.380255 #26606]  INFO -- : export event file done
I, [2017-05-21T09:00:25.064735 #23522]  INFO -- : export click file done
I, [2017-05-21T10:00:01.107360 #26606]  INFO -- : export event file
I, [2017-05-21T10:00:01.327143 #28073]  INFO -- : export click file
I, [2017-05-21T10:00:01.883492 #26606]  INFO -- : export event file done
I, [2017-05-21T10:00:32.291510 #28073]  INFO -- : export click file done
I, [2017-05-21T11:00:01.355034 #26606]  INFO -- : export event file
I, [2017-05-21T11:00:02.382466 #26606]  INFO -- : export event file done
I, [2017-05-21T11:00:02.399259 #26606]  INFO -- : export click file
I, [2017-05-21T11:00:47.170821 #26606]  INFO -- : export click file done
I, [2017-05-21T12:00:01.217213 #29639]  INFO -- : export click file
I, [2017-05-21T12:00:06.525559 #31142]  INFO -- : export event file
I, [2017-05-21T12:00:07.467438 #31142]  INFO -- : export event file done
I, [2017-05-21T12:00:37.600928 #29639]  INFO -- : export click file done
I, [2017-05-21T13:00:01.648945 #31142]  INFO -- : export event file
I, [2017-05-21T13:00:02.361885 #31142]  INFO -- : export event file done
I, [2017-05-21T13:00:02.374255 #31142]  INFO -- : export click file
I, [2017-05-21T13:00:35.579288 #31142]  INFO -- : export click file done
I, [2017-05-21T14:00:01.631858 #32666]  INFO -- : export event file
I, [2017-05-21T14:00:02.576281 #32666]  INFO -- : export event file done
I, [2017-05-21T14:00:02.592042 #32666]  INFO -- : export click file
I, [2017-05-21T14:00:36.193704 #32666]  INFO -- : export click file done
I, [2017-05-21T15:00:01.245572 #34179]  INFO -- : export click file
I, [2017-05-21T15:00:06.594590 #35678]  INFO -- : export event file
I, [2017-05-21T15:00:07.496575 #35678]  INFO -- : export event file done
I, [2017-05-21T15:00:35.657245 #34179]  INFO -- : export click file done
I, [2017-05-21T16:00:01.709043 #35678]  INFO -- : export click file
I, [2017-05-21T16:00:07.059228 #37190]  INFO -- : export event file
I, [2017-05-21T16:00:07.918941 #37190]  INFO -- : export event file done
I, [2017-05-21T16:00:37.882931 #35678]  INFO -- : export click file done
I, [2017-05-21T17:00:01.924842 #35678]  INFO -- : export event file
I, [2017-05-21T17:00:03.059474 #35678]  INFO -- : export event file done
I, [2017-05-21T17:00:03.071022 #35678]  INFO -- : export click file
I, [2017-05-21T17:00:37.393409 #35678]  INFO -- : export click file done
I, [2017-05-21T18:00:01.451752 #38711]  INFO -- : export click file
I, [2017-05-21T18:00:06.803999 #40220]  INFO -- : export event file
I, [2017-05-21T18:00:07.746025 #40220]  INFO -- : export event file done
I, [2017-05-21T18:00:34.674171 #38711]  INFO -- : export click file done
I, [2017-05-21T19:00:01.724971 #40220]  INFO -- : export click file
I, [2017-05-21T19:00:07.075671 #41729]  INFO -- : export event file
I, [2017-05-21T19:00:07.839233 #41729]  INFO -- : export event file done
I, [2017-05-21T19:00:31.214544 #40220]  INFO -- : export click file done
I, [2017-05-21T20:00:01.260698 #40220]  INFO -- : export click file
I, [2017-05-21T20:00:06.497795 #43237]  INFO -- : export event file
I, [2017-05-21T20:00:07.345857 #43237]  INFO -- : export event file done
I, [2017-05-21T20:00:34.001203 #40220]  INFO -- : export click file done
I, [2017-05-21T21:00:01.053381 #40220]  INFO -- : export click file
I, [2017-05-21T21:00:06.474763 #44752]  INFO -- : export event file
I, [2017-05-21T21:00:07.337264 #44752]  INFO -- : export event file done
I, [2017-05-21T21:00:51.078857 #40220]  INFO -- : export click file done
I, [2017-05-21T22:00:01.137219 #44752]  INFO -- : export event file
I, [2017-05-21T22:00:02.162283 #44752]  INFO -- : export event file done
I, [2017-05-21T22:00:02.191092 #44752]  INFO -- : export click file
I, [2017-05-21T22:00:38.122661 #44752]  INFO -- : export click file done
I, [2017-05-21T23:00:01.390592 #46264]  INFO -- : export click file
I, [2017-05-21T23:00:06.567917 #47764]  INFO -- : export event file
I, [2017-05-21T23:00:07.527275 #47764]  INFO -- : export event file done
I, [2017-05-21T23:00:30.988081 #46264]  INFO -- : export click file done
