# Logfile created on 2017-05-10 00:00:01 +0800 by logger.rb/v1.2.7
I, [2017-05-10T00:00:01.772659 #2771]  INFO -- : export event file
I, [2017-05-10T00:00:02.372432 #2771]  INFO -- : export event file done
I, [2017-05-10T00:00:02.382391 #2771]  INFO -- : export click file
I, [2017-05-10T00:00:22.962545 #2771]  INFO -- : export click file done
I, [2017-05-10T01:00:02.032311 #2771]  INFO -- : export click file
I, [2017-05-10T01:00:07.166956 #5785]  INFO -- : export event file
I, [2017-05-10T01:00:07.470845 #5785]  INFO -- : export event file done
I, [2017-05-10T01:00:13.990760 #2771]  INFO -- : export click file done
I, [2017-05-10T02:00:01.059196 #5785]  INFO -- : export click file
I, [2017-05-10T02:00:06.138961 #7285]  INFO -- : export event file
I, [2017-05-10T02:00:06.286855 #7285]  INFO -- : export event file done
I, [2017-05-10T02:00:12.914765 #5785]  INFO -- : export click file done
I, [2017-05-10T03:00:01.982379 #7285]  INFO -- : export event file
I, [2017-05-10T03:00:02.043991 #7285]  INFO -- : export event file done
I, [2017-05-10T03:00:02.065378 #7285]  INFO -- : export click file
I, [2017-05-10T03:00:06.228192 #7285]  INFO -- : export click file done
I, [2017-05-10T04:00:01.233051 #8796]  INFO -- : export event file
I, [2017-05-10T04:00:01.270623 #8796]  INFO -- : export event file done
I, [2017-05-10T04:00:01.290811 #8796]  INFO -- : export click file
I, [2017-05-10T04:00:04.973512 #8796]  INFO -- : export click file done
I, [2017-05-10T05:00:01.231107 #10300]  INFO -- : export event file
I, [2017-05-10T05:00:01.301000 #10300]  INFO -- : export event file done
I, [2017-05-10T05:00:01.314277 #10300]  INFO -- : export click file
I, [2017-05-10T05:00:04.855883 #10300]  INFO -- : export click file done
I, [2017-05-10T06:00:02.114936 #11804]  INFO -- : export click file
I, [2017-05-10T06:00:07.034562 #13301]  INFO -- : export event file
I, [2017-05-10T06:00:07.109276 #13301]  INFO -- : export event file done
I, [2017-05-10T06:00:08.569675 #11804]  INFO -- : export click file done
I, [2017-05-10T07:00:06.679123 #14776]  INFO -- : export event file
I, [2017-05-10T07:00:06.801591 #14776]  INFO -- : export event file done
I, [2017-05-10T07:00:07.023923 #14783]  INFO -- : export click file
I, [2017-05-10T07:00:17.465563 #14783]  INFO -- : export click file done
I, [2017-05-10T08:00:01.528252 #14783]  INFO -- : export click file
I, [2017-05-10T08:00:06.621453 #16291]  INFO -- : export event file
I, [2017-05-10T08:00:06.968591 #16291]  INFO -- : export event file done
I, [2017-05-10T08:00:16.660566 #14783]  INFO -- : export click file done
I, [2017-05-10T09:00:01.731469 #14783]  INFO -- : export event file
I, [2017-05-10T09:00:02.519137 #14783]  INFO -- : export event file done
I, [2017-05-10T09:00:02.531885 #14783]  INFO -- : export click file
I, [2017-05-10T09:00:38.720686 #14783]  INFO -- : export click file done
I, [2017-05-10T10:00:01.987056 #17803]  INFO -- : export event file
I, [2017-05-10T10:00:03.955595 #17803]  INFO -- : export event file done
I, [2017-05-10T10:00:03.975755 #17803]  INFO -- : export click file
I, [2017-05-10T10:01:27.849504 #17803]  INFO -- : export click file done
I, [2017-05-10T11:00:02.109050 #19307]  INFO -- : export event file
I, [2017-05-10T11:00:04.864624 #19307]  INFO -- : export event file done
I, [2017-05-10T11:00:04.878991 #19307]  INFO -- : export click file
I, [2017-05-10T11:02:47.423207 #19307]  INFO -- : export click file done
I, [2017-05-10T12:00:01.688538 #20811]  INFO -- : export event file
I, [2017-05-10T12:00:04.145286 #20811]  INFO -- : export event file done
I, [2017-05-10T12:00:04.163912 #20811]  INFO -- : export click file
I, [2017-05-10T12:01:43.292040 #20811]  INFO -- : export click file done
I, [2017-05-10T13:00:01.350229 #22308]  INFO -- : export click file
I, [2017-05-10T13:00:06.518489 #23811]  INFO -- : export event file
I, [2017-05-10T13:00:08.471220 #23811]  INFO -- : export event file done
I, [2017-05-10T13:00:48.044150 #22308]  INFO -- : export click file done
I, [2017-05-10T14:00:01.110875 #23811]  INFO -- : export event file
I, [2017-05-10T14:00:03.060155 #23811]  INFO -- : export event file done
I, [2017-05-10T14:00:03.072574 #23811]  INFO -- : export click file
I, [2017-05-10T14:00:53.160111 #23811]  INFO -- : export click file done
I, [2017-05-10T15:00:01.424617 #25314]  INFO -- : export event file
I, [2017-05-10T15:00:03.859020 #25314]  INFO -- : export event file done
I, [2017-05-10T15:00:03.874543 #25314]  INFO -- : export click file
I, [2017-05-10T15:01:09.586892 #25314]  INFO -- : export click file done
I, [2017-05-10T16:00:01.853123 #26818]  INFO -- : export click file
I, [2017-05-10T16:00:06.925848 #28318]  INFO -- : export event file
I, [2017-05-10T16:00:09.531906 #28318]  INFO -- : export event file done
I, [2017-05-10T16:01:16.071211 #26818]  INFO -- : export click file done
I, [2017-05-10T17:00:01.130651 #26818]  INFO -- : export click file
I, [2017-05-10T17:00:06.231727 #29818]  INFO -- : export event file
I, [2017-05-10T17:00:09.042889 #29818]  INFO -- : export event file done
I, [2017-05-10T17:01:09.721263 #26818]  INFO -- : export click file done
I, [2017-05-10T18:00:01.787083 #29818]  INFO -- : export click file
I, [2017-05-10T18:00:06.978838 #31332]  INFO -- : export event file
I, [2017-05-10T18:00:09.207095 #31332]  INFO -- : export event file done
I, [2017-05-10T18:01:18.336201 #29818]  INFO -- : export click file done
I, [2017-05-10T19:00:01.395191 #31332]  INFO -- : export event file
I, [2017-05-10T19:00:02.811425 #31332]  INFO -- : export event file done
I, [2017-05-10T19:00:02.829017 #31332]  INFO -- : export click file
I, [2017-05-10T19:00:40.266209 #31332]  INFO -- : export click file done
I, [2017-05-10T20:00:01.507625 #32837]  INFO -- : export event file
I, [2017-05-10T20:00:02.507399 #32837]  INFO -- : export event file done
I, [2017-05-10T20:00:02.522336 #32837]  INFO -- : export click file
I, [2017-05-10T20:00:40.309505 #32837]  INFO -- : export click file done
I, [2017-05-10T21:00:01.551430 #34341]  INFO -- : export event file
I, [2017-05-10T21:00:02.484016 #34341]  INFO -- : export event file done
I, [2017-05-10T21:00:02.502133 #34341]  INFO -- : export click file
I, [2017-05-10T21:00:42.204602 #34341]  INFO -- : export click file done
I, [2017-05-10T22:00:01.446675 #35845]  INFO -- : export event file
I, [2017-05-10T22:00:02.568077 #35845]  INFO -- : export event file done
I, [2017-05-10T22:00:02.585182 #35845]  INFO -- : export click file
I, [2017-05-10T22:00:52.121138 #35845]  INFO -- : export click file done
I, [2017-05-10T23:00:01.374636 #37343]  INFO -- : export event file
I, [2017-05-10T23:00:02.570148 #37343]  INFO -- : export event file done
I, [2017-05-10T23:00:02.593424 #37343]  INFO -- : export click file
I, [2017-05-10T23:00:35.684948 #37343]  INFO -- : export click file done
