# Logfile created on 2017-05-23 00:00:01 +0800 by logger.rb/v1.2.7
I, [2017-05-23T00:00:01.353785 #19324]  INFO -- : export event file
I, [2017-05-23T00:00:02.041251 #19324]  INFO -- : export event file done
I, [2017-05-23T00:00:02.052095 #19324]  INFO -- : export click file
I, [2017-05-23T00:00:21.968991 #19324]  INFO -- : export click file done
I, [2017-05-23T01:00:02.044310 #19324]  INFO -- : export event file
I, [2017-05-23T01:00:02.368646 #19324]  INFO -- : export event file done
I, [2017-05-23T01:00:02.388577 #19324]  INFO -- : export click file
I, [2017-05-23T01:00:13.580794 #19324]  INFO -- : export click file done
I, [2017-05-23T02:00:01.639010 #22360]  INFO -- : export event file
I, [2017-05-23T02:00:01.842574 #22360]  INFO -- : export event file done
I, [2017-05-23T02:00:01.864425 #22360]  INFO -- : export click file
I, [2017-05-23T02:00:16.940429 #22360]  INFO -- : export click file done
I, [2017-05-23T03:00:02.000600 #23865]  INFO -- : export event file
I, [2017-05-23T03:00:02.110794 #23865]  INFO -- : export event file done
I, [2017-05-23T03:00:02.125778 #23865]  INFO -- : export click file
I, [2017-05-23T03:00:06.460924 #23865]  INFO -- : export click file done
I, [2017-05-23T04:00:01.495145 #25379]  INFO -- : export event file
I, [2017-05-23T04:00:01.547593 #25379]  INFO -- : export event file done
I, [2017-05-23T04:00:01.556301 #25379]  INFO -- : export click file
I, [2017-05-23T04:00:04.910308 #25379]  INFO -- : export click file done
I, [2017-05-23T05:00:01.970772 #26888]  INFO -- : export event file
I, [2017-05-23T05:00:02.032481 #26888]  INFO -- : export event file done
I, [2017-05-23T05:00:02.047388 #26888]  INFO -- : export click file
I, [2017-05-23T05:00:05.240273 #26888]  INFO -- : export click file done
I, [2017-05-23T06:00:01.309495 #28401]  INFO -- : export event file
I, [2017-05-23T06:00:01.469234 #28401]  INFO -- : export event file done
I, [2017-05-23T06:00:01.490679 #28401]  INFO -- : export click file
I, [2017-05-23T06:00:07.512299 #28401]  INFO -- : export click file done
I, [2017-05-23T07:00:06.961879 #31557]  INFO -- : export click file
I, [2017-05-23T07:00:07.327991 #31564]  INFO -- : export event file
I, [2017-05-23T07:00:07.481998 #31564]  INFO -- : export event file done
I, [2017-05-23T07:00:16.949846 #31557]  INFO -- : export click file done
I, [2017-05-23T08:00:02.016223 #31564]  INFO -- : export event file
I, [2017-05-23T08:00:02.315762 #31564]  INFO -- : export event file done
I, [2017-05-23T08:00:02.337404 #31564]  INFO -- : export click file
I, [2017-05-23T08:00:17.219242 #31564]  INFO -- : export click file done
I, [2017-05-23T09:00:01.268559 #31564]  INFO -- : export event file
I, [2017-05-23T09:00:01.933676 #31564]  INFO -- : export event file done
I, [2017-05-23T09:00:01.951768 #31564]  INFO -- : export click file
I, [2017-05-23T09:00:36.870404 #31564]  INFO -- : export click file done
I, [2017-05-23T10:00:01.928592 #34594]  INFO -- : export click file
I, [2017-05-23T10:00:07.063920 #36100]  INFO -- : export event file
I, [2017-05-23T10:00:08.808304 #36100]  INFO -- : export event file done
I, [2017-05-23T10:01:00.974211 #34594]  INFO -- : export click file done
I, [2017-05-23T11:00:01.031984 #36100]  INFO -- : export event file
I, [2017-05-23T11:00:03.191779 #36100]  INFO -- : export event file done
I, [2017-05-23T11:00:03.205562 #36100]  INFO -- : export click file
I, [2017-05-23T11:01:27.914569 #36100]  INFO -- : export click file done
I, [2017-05-23T12:00:01.982258 #36100]  INFO -- : export event file
I, [2017-05-23T12:00:04.410563 #36100]  INFO -- : export event file done
I, [2017-05-23T12:00:04.432705 #36100]  INFO -- : export click file
I, [2017-05-23T12:01:13.838590 #36100]  INFO -- : export click file done
I, [2017-05-23T13:00:01.904219 #39121]  INFO -- : export event file
I, [2017-05-23T13:00:03.498390 #39121]  INFO -- : export event file done
I, [2017-05-23T13:00:03.511621 #39121]  INFO -- : export click file
I, [2017-05-23T13:00:51.207325 #39121]  INFO -- : export click file done
I, [2017-05-23T14:00:01.259664 #40626]  INFO -- : export click file
I, [2017-05-23T14:00:06.328482 #42132]  INFO -- : export event file
I, [2017-05-23T14:00:08.343927 #42132]  INFO -- : export event file done
I, [2017-05-23T14:00:56.480106 #40626]  INFO -- : export click file done
I, [2017-05-23T15:00:01.542607 #42132]  INFO -- : export event file
I, [2017-05-23T15:00:04.219608 #42132]  INFO -- : export event file done
I, [2017-05-23T15:00:04.236375 #42132]  INFO -- : export click file
I, [2017-05-23T15:01:07.868210 #42132]  INFO -- : export click file done
I, [2017-05-23T16:00:01.925608 #43650]  INFO -- : export event file
I, [2017-05-23T16:00:04.010492 #43650]  INFO -- : export event file done
I, [2017-05-23T16:00:04.033566 #43650]  INFO -- : export click file
I, [2017-05-23T16:01:22.138111 #43650]  INFO -- : export click file done
I, [2017-05-23T17:00:01.192383 #43650]  INFO -- : export event file
I, [2017-05-23T17:00:03.433314 #43650]  INFO -- : export event file done
I, [2017-05-23T17:00:03.451786 #43650]  INFO -- : export click file
I, [2017-05-23T17:01:57.399056 #43650]  INFO -- : export click file done
I, [2017-05-23T18:00:01.465395 #46667]  INFO -- : export click file
I, [2017-05-23T18:00:06.499765 #48180]  INFO -- : export event file
I, [2017-05-23T18:00:08.409290 #48180]  INFO -- : export event file done
I, [2017-05-23T18:00:57.213827 #46667]  INFO -- : export click file done
I, [2017-05-23T19:00:01.270760 #48180]  INFO -- : export click file
I, [2017-05-23T19:00:06.208881 #49690]  INFO -- : export event file
I, [2017-05-23T19:00:07.650857 #49690]  INFO -- : export event file done
I, [2017-05-23T19:00:38.463119 #48180]  INFO -- : export click file done
I, [2017-05-23T20:00:01.522824 #49690]  INFO -- : export event file
I, [2017-05-23T20:00:02.390995 #49690]  INFO -- : export event file done
I, [2017-05-23T20:00:02.402738 #49690]  INFO -- : export click file
I, [2017-05-23T20:00:39.006442 #49690]  INFO -- : export click file done
I, [2017-05-23T21:00:01.061007 #51208]  INFO -- : export click file
I, [2017-05-23T21:00:06.140933 #52707]  INFO -- : export event file
I, [2017-05-23T21:00:07.103662 #52707]  INFO -- : export event file done
I, [2017-05-23T21:00:51.707458 #51208]  INFO -- : export click file done
I, [2017-05-23T22:00:01.777411 #52707]  INFO -- : export event file
I, [2017-05-23T22:00:02.836425 #52707]  INFO -- : export event file done
I, [2017-05-23T22:00:02.849539 #52707]  INFO -- : export click file
I, [2017-05-23T22:00:44.713268 #52707]  INFO -- : export click file done
I, [2017-05-23T23:00:01.777352 #54225]  INFO -- : export click file
I, [2017-05-23T23:00:06.742793 #55731]  INFO -- : export event file
I, [2017-05-23T23:00:08.015087 #55731]  INFO -- : export event file done
I, [2017-05-23T23:00:51.850999 #54225]  INFO -- : export click file done
